<?xml version="1.0" encoding="UTF-8"?>
<!-- Generated by org.testng.reporters.JUnitReportReporter -->
<testsuite hostname="WIN-UV" failures="0" tests="1" name="HTTPRequests" time="3.517" errors="0" timestamp="2024-03-14T16:48:48 IST" skipped="0">
  <testcase classname="HTTPRequests" name="getUser" time="3.517"/>
</testsuite> <!-- HTTPRequests -->
